2020-04-11 10:27:14.614 [Thread-12] INFO  io.github.biezhi.wechat.api.WechatClient -
				[*] 正在获取 uuid ... 
2020-04-11 10:27:14.873 [Thread-12] INFO  io.github.biezhi.wechat.api.WechatClient -
				[*] 正在获取二维码 ... 成功

2020-04-11 10:27:15.983 [Thread-12] INFO  io.github.biezhi.wechat.api.WechatClient -
				[*] 请使用微信扫描二维码以登录 ... 

2020-04-11 10:27:28.542 [Thread-12] INFO  io.github.biezhi.wechat.api.WechatClient -
				[*] 请在手机上点击确认以登录 ... 

2020-04-11 10:27:30.663 [Thread-12] INFO  io.github.biezhi.wechat.api.WechatApi -
				[*] 设置cookie []
2020-04-11 10:27:56.670 [Thread-15] INFO  io.github.biezhi.wechat.api.WechatClient -
				[*] 正在获取 uuid ... 
2020-04-11 10:27:56.904 [Thread-15] INFO  io.github.biezhi.wechat.api.WechatClient -
				[*] 正在获取二维码 ... 成功

2020-04-11 10:27:58.008 [Thread-15] INFO  io.github.biezhi.wechat.api.WechatClient -
				[*] 请使用微信扫描二维码以登录 ... 

2020-04-11 10:28:23.187 [Thread-15] WARN  io.github.biezhi.wechat.api.WechatApi -
				[登陆超时] 

2020-04-11 10:28:24.187 [Thread-15] INFO  io.github.biezhi.wechat.api.WechatClient -
				[*] 请使用微信扫描二维码以登录 ... 

2020-04-11 10:28:49.240 [Thread-15] WARN  io.github.biezhi.wechat.api.WechatApi -
				[登陆超时] 

2020-04-11 10:28:50.240 [Thread-15] INFO  io.github.biezhi.wechat.api.WechatClient -
				[*] 请使用微信扫描二维码以登录 ... 

2020-04-11 10:29:15.302 [Thread-15] WARN  io.github.biezhi.wechat.api.WechatApi -
				[登陆超时] 

2020-04-11 10:29:16.303 [Thread-15] INFO  io.github.biezhi.wechat.api.WechatClient -
				[*] 请使用微信扫描二维码以登录 ... 

2020-04-11 10:29:41.362 [Thread-15] WARN  io.github.biezhi.wechat.api.WechatApi -
				[登陆超时] 

2020-04-11 10:29:42.363 [Thread-15] INFO  io.github.biezhi.wechat.api.WechatClient -
				[*] 请使用微信扫描二维码以登录 ... 

2020-04-11 10:30:07.429 [Thread-15] WARN  io.github.biezhi.wechat.api.WechatApi -
				[登陆超时] 

2020-04-11 10:30:08.429 [Thread-15] INFO  io.github.biezhi.wechat.api.WechatClient -
				[*] 请使用微信扫描二维码以登录 ... 

2020-04-11 10:30:33.481 [Thread-15] WARN  io.github.biezhi.wechat.api.WechatApi -
				[登陆超时] 

2020-04-11 10:30:33.982 [Thread-15] INFO  io.github.biezhi.wechat.api.WechatClient -
				[*] 请使用微信扫描二维码以登录 ... 

2020-04-11 10:30:59.041 [Thread-15] WARN  io.github.biezhi.wechat.api.WechatApi -
				[登陆超时] 

2020-04-11 10:30:59.542 [Thread-15] INFO  io.github.biezhi.wechat.api.WechatClient -
				[*] 请使用微信扫描二维码以登录 ... 

2020-04-11 10:31:24.614 [Thread-15] WARN  io.github.biezhi.wechat.api.WechatApi -
				[登陆超时] 

2020-04-11 10:31:25.115 [Thread-15] INFO  io.github.biezhi.wechat.api.WechatClient -
				[*] 请使用微信扫描二维码以登录 ... 

2020-04-11 10:31:50.174 [Thread-15] WARN  io.github.biezhi.wechat.api.WechatApi -
				[登陆超时] 

2020-04-11 10:31:50.675 [Thread-15] INFO  io.github.biezhi.wechat.api.WechatClient -
				[*] 请使用微信扫描二维码以登录 ... 

2020-04-11 10:32:15.734 [Thread-15] WARN  io.github.biezhi.wechat.api.WechatApi -
				[登陆超时] 

